2017-04-24 09:06:04	Start program
2017-04-30 13:39:17	Start program
2017-04-30 13:39:18	CAMERA DATA ERROR
2017-04-30 13:39:18	Sunday, 30. April 2017 01:39PM
2017-04-30 13:39:18	SET INTERVAL: 0:05:00
2017-04-30 13:39:18	START-STOP TIME: 08:30:00 - 18:00:00
2017-04-30 13:39:18	CAMERA SET ERROR
2017-04-30 13:39:18	CAM CAPTUR ERROR:
2017-04-30 13:39:18	SHOT: 1 ; TIME SHoT: 2017-04-30 13:39:18.361803
2017-04-30 13:39:18	sleep299
2017-04-30 13:44:18	CAM CAPTUR ERROR:
2017-04-30 13:44:18	SHOT: 2 ; TIME SHoT: 2017-04-30 13:44:18.361850
2017-04-30 13:44:18	sleep299
2017-04-30 13:44:55	Start program
2017-04-30 13:44:56	CAMERA DATA ERROR
2017-04-30 13:44:56	Sunday, 30. April 2017 01:44PM
2017-04-30 13:44:56	SET INTERVAL: 0:05:00
2017-04-30 13:44:56	START-STOP TIME: 08:30:00 - 18:00:00
2017-04-30 13:44:56	CAMERA SET ERROR
2017-04-30 13:44:56	CAM CAPTUR ERROR:
2017-04-30 13:44:56	SHOT: 1 ; TIME SHoT: 2017-04-30 13:44:56.300941
2017-04-30 13:44:56	sleep299
2017-04-30 13:49:56	CAM CAPTUR ERROR:
2017-04-30 13:49:56	SHOT: 2 ; TIME SHoT: 2017-04-30 13:49:56.301010
2017-04-30 13:49:56	sleep299
2017-04-30 13:54:56	CAM CAPTUR ERROR:
2017-04-30 13:54:56	SHOT: 3 ; TIME SHoT: 2017-04-30 13:54:56.301059
2017-04-30 13:54:56	sleep299
2017-04-30 13:59:56	CAM CAPTUR ERROR:
2017-04-30 13:59:56	SHOT: 4 ; TIME SHoT: 2017-04-30 13:59:56.301132
2017-04-30 13:59:56	sleep299
2017-04-30 14:04:56	CAM CAPTUR ERROR:
2017-04-30 14:04:56	SHOT: 5 ; TIME SHoT: 2017-04-30 14:04:56.301194
2017-04-30 14:04:56	sleep299
2017-04-30 14:09:56	CAM CAPTUR ERROR:
2017-04-30 14:09:56	SHOT: 6 ; TIME SHoT: 2017-04-30 14:09:56.301247
2017-04-30 14:09:56	sleep299
2017-04-30 14:10:40	Start program
2017-04-30 14:10:41	CAMERA DATA ERROR
2017-04-30 14:10:41	Sunday, 30. April 2017 02:10PM
2017-04-30 14:10:41	SET INTERVAL: 0:05:00
2017-04-30 14:10:41	START-STOP TIME: 08:30:00 - 18:00:00
2017-04-30 14:10:41	CAMERA SET ERROR
2017-04-30 14:10:42	CAM CAPTUR ERROR:
2017-04-30 14:10:42	SHOT: 1 ; TIME SHoT: 2017-04-30 14:10:41.896222
2017-04-30 14:10:42	sleep299
2017-04-30 14:15:42	CAM CAPTUR ERROR:
2017-04-30 14:15:42	SHOT: 2 ; TIME SHoT: 2017-04-30 14:15:41.896297
2017-04-30 14:15:42	sleep299
2017-04-30 14:20:42	CAM CAPTUR ERROR:
2017-04-30 14:20:42	SHOT: 3 ; TIME SHoT: 2017-04-30 14:20:41.896338
2017-04-30 14:20:42	sleep299
2017-04-30 14:25:42	CAM CAPTUR ERROR:
2017-04-30 14:25:42	SHOT: 4 ; TIME SHoT: 2017-04-30 14:25:41.896389
2017-04-30 14:25:42	sleep299
2017-04-30 14:30:42	CAM CAPTUR ERROR:
2017-04-30 14:30:42	SHOT: 5 ; TIME SHoT: 2017-04-30 14:30:41.896445
2017-04-30 14:30:42	sleep299
2017-04-30 14:35:22	Start program
2017-07-07 10:43:17	Friday, 07. July 2017 10:43AM
2017-07-07 10:43:17	SET INTERVAL: 0:05:00
2017-07-07 10:43:17	START-STOP TIME: 08:30:00 - 18:00:00
2017-07-07 10:43:33	CAMERA SET OK
2017-07-07 10:43:38	SHOT: 1 ; TIME SHoT: 2017-07-07 10:43:33.495333
2017-07-07 10:43:38	sleep294
2017-07-07 10:49:10	SHOT: 2 ; TIME SHoT: 2017-07-07 10:48:33.495363
2017-07-07 10:49:10	sleep263
2017-07-07 10:54:10	SHOT: 3 ; TIME SHoT: 2017-07-07 10:53:33.495396
2017-07-07 10:54:10	sleep263
2017-07-07 10:58:33	CAM CAPTUR ERROR:
2017-07-07 10:58:33	SHOT: 4 ; TIME SHoT: 2017-07-07 10:58:33.495417
2017-07-07 10:58:33	sleep299
2017-07-07 11:04:07	SHOT: 5 ; TIME SHoT: 2017-07-07 11:03:33.495447
2017-07-07 11:04:07	sleep266
2017-07-07 11:07:29	Start program
2017-07-07 11:08:02	Friday, 07. July 2017 11:08AM
2017-07-07 11:08:02	SET INTERVAL: 0:05:00
2017-07-07 11:08:02	START-STOP TIME: 08:30:00 - 18:00:00
2017-07-07 11:08:18	CAMERA SET OK
2017-07-07 11:08:22	SHOT: 1 ; TIME SHoT: 2017-07-07 11:08:19.397665
2017-07-07 11:08:22	sleep296
2017-07-07 11:13:53	SHOT: 2 ; TIME SHoT: 2017-07-07 11:13:19.397698
2017-07-07 11:13:53	sleep266
2017-07-07 11:18:19	CAM CAPTUR ERROR:
2017-07-07 11:18:19	SHOT: 3 ; TIME SHoT: 2017-07-07 11:18:19.397721
2017-07-07 11:18:19	sleep299
2017-07-07 11:23:56	SHOT: 4 ; TIME SHoT: 2017-07-07 11:23:19.397754
2017-07-07 11:23:56	sleep263
2017-07-07 11:28:56	SHOT: 5 ; TIME SHoT: 2017-07-07 11:28:19.397786
2017-07-07 11:28:56	sleep263
2017-07-07 11:33:13	Start program
2017-07-07 11:33:41	Friday, 07. July 2017 11:33AM
2017-07-07 11:33:41	SET INTERVAL: 0:05:00
2017-07-07 11:33:41	START-STOP TIME: 08:30:00 - 18:00:00
2017-07-07 11:33:57	CAMERA SET OK
2017-07-07 11:34:04	SHOT: 1 ; TIME SHoT: 2017-07-07 11:33:57.911201
2017-07-07 11:34:04	sleep293
2017-07-07 11:39:35	SHOT: 2 ; TIME SHoT: 2017-07-07 11:38:57.911229
2017-07-07 11:39:35	sleep262
2017-07-07 11:44:34	SHOT: 3 ; TIME SHoT: 2017-07-07 11:43:57.911259
2017-07-07 11:44:34	sleep263
2017-07-07 11:49:34	SHOT: 4 ; TIME SHoT: 2017-07-07 11:48:57.911292
2017-07-07 11:49:34	sleep263
2017-07-07 11:54:34	SHOT: 5 ; TIME SHoT: 2017-07-07 11:53:57.915643
2017-07-07 11:54:34	sleep263
2017-07-07 11:59:34	SHOT: 6 ; TIME SHoT: 2017-07-07 11:58:57.915698
2017-07-07 11:59:34	sleep263
2017-07-07 12:04:34	SHOT: 7 ; TIME SHoT: 2017-07-07 12:03:57.915725
2017-07-07 12:04:34	sleep263
2017-07-07 12:09:34	SHOT: 8 ; TIME SHoT: 2017-07-07 12:08:57.915770
2017-07-07 12:09:34	sleep263
2017-07-07 12:14:34	SHOT: 9 ; TIME SHoT: 2017-07-07 12:13:57.960720
2017-07-07 12:14:34	sleep263
2017-07-07 12:19:34	SHOT: 10 ; TIME SHoT: 2017-07-07 12:18:57.960755
2017-07-07 12:19:34	sleep263
2017-07-07 12:24:34	SHOT: 11 ; TIME SHoT: 2017-07-07 12:23:58.056727
2017-07-07 12:24:34	sleep263
2017-07-07 12:29:34	SHOT: 12 ; TIME SHoT: 2017-07-07 12:28:58.056763
2017-07-07 12:29:34	sleep263
2017-07-07 12:34:34	SHOT: 13 ; TIME SHoT: 2017-07-07 12:33:58.056785
2017-07-07 12:34:34	sleep263
2017-07-07 12:39:34	SHOT: 14 ; TIME SHoT: 2017-07-07 12:38:58.056839
2017-07-07 12:39:34	sleep263
2017-07-07 12:44:35	SHOT: 15 ; TIME SHoT: 2017-07-07 12:43:58.056865
2017-07-07 12:44:35	sleep263
2017-07-07 12:49:35	SHOT: 16 ; TIME SHoT: 2017-07-07 12:48:58.137457
2017-07-07 12:49:35	sleep263
2017-07-07 12:54:35	SHOT: 17 ; TIME SHoT: 2017-07-07 12:53:58.236671
2017-07-07 12:54:35	sleep263
2017-07-07 12:59:35	SHOT: 18 ; TIME SHoT: 2017-07-07 12:58:58.236746
2017-07-07 12:59:35	sleep263
2017-07-07 13:04:35	SHOT: 19 ; TIME SHoT: 2017-07-07 13:03:58.236772
2017-07-07 13:04:35	sleep263
2017-07-07 13:09:35	SHOT: 20 ; TIME SHoT: 2017-07-07 13:08:58.236800
2017-07-07 13:09:35	sleep263
2017-07-07 13:14:35	SHOT: 21 ; TIME SHoT: 2017-07-07 13:13:58.245835
2017-07-07 13:14:35	sleep262
2017-07-07 13:19:35	SHOT: 22 ; TIME SHoT: 2017-07-07 13:18:58.245857
2017-07-07 13:19:35	sleep262
2017-07-07 13:24:35	SHOT: 23 ; TIME SHoT: 2017-07-07 13:23:58.245887
2017-07-07 13:24:35	sleep262
2017-07-07 13:29:35	SHOT: 24 ; TIME SHoT: 2017-07-07 13:28:58.245926
2017-07-07 13:29:35	sleep263
2017-07-07 13:34:35	SHOT: 25 ; TIME SHoT: 2017-07-07 13:33:58.325736
2017-07-07 13:34:35	sleep263
2017-07-07 13:39:35	SHOT: 26 ; TIME SHoT: 2017-07-07 13:38:58.325804
2017-07-07 13:39:35	sleep263
2017-07-07 13:44:35	SHOT: 27 ; TIME SHoT: 2017-07-07 13:43:58.325858
2017-07-07 13:44:35	sleep263
2017-07-07 13:49:35	SHOT: 28 ; TIME SHoT: 2017-07-07 13:48:58.325896
2017-07-07 13:49:35	sleep263
2017-07-07 13:54:35	SHOT: 29 ; TIME SHoT: 2017-07-07 13:53:58.325971
2017-07-07 13:54:35	sleep263
2017-07-07 13:59:35	SHOT: 30 ; TIME SHoT: 2017-07-07 13:58:58.326022
2017-07-07 13:59:35	sleep263
2017-07-07 14:04:35	SHOT: 31 ; TIME SHoT: 2017-07-07 14:03:58.326069
2017-07-07 14:04:35	sleep263
2017-07-07 14:09:35	SHOT: 32 ; TIME SHoT: 2017-07-07 14:08:58.326141
2017-07-07 14:09:35	sleep263
2017-07-07 14:14:35	SHOT: 33 ; TIME SHoT: 2017-07-07 14:13:58.326192
2017-07-07 14:14:35	sleep263
2017-07-07 14:19:35	SHOT: 34 ; TIME SHoT: 2017-07-07 14:18:58.326245
2017-07-07 14:19:35	sleep263
2017-07-07 14:24:35	SHOT: 35 ; TIME SHoT: 2017-07-07 14:23:58.326290
2017-07-07 14:24:35	sleep263
2017-07-07 14:29:35	SHOT: 36 ; TIME SHoT: 2017-07-07 14:28:58.426185
2017-07-07 14:29:35	sleep263
2017-07-07 14:34:35	SHOT: 37 ; TIME SHoT: 2017-07-07 14:33:58.426219
2017-07-07 14:34:35	sleep263
2017-07-07 14:39:35	SHOT: 38 ; TIME SHoT: 2017-07-07 14:38:58.426248
2017-07-07 14:39:35	sleep263
2017-07-07 14:44:35	SHOT: 39 ; TIME SHoT: 2017-07-07 14:43:58.426272
2017-07-07 14:44:35	sleep263
2017-07-07 14:49:35	SHOT: 40 ; TIME SHoT: 2017-07-07 14:48:58.426308
2017-07-07 14:49:35	sleep263
2017-07-07 14:54:35	SHOT: 41 ; TIME SHoT: 2017-07-07 14:53:58.426339
2017-07-07 14:54:35	sleep263
2017-07-07 14:59:35	SHOT: 42 ; TIME SHoT: 2017-07-07 14:58:58.452172
2017-07-07 14:59:35	sleep263
2017-07-07 15:04:35	SHOT: 43 ; TIME SHoT: 2017-07-07 15:03:58.478647
2017-07-07 15:04:35	sleep263
2017-07-07 15:09:35	SHOT: 44 ; TIME SHoT: 2017-07-07 15:08:58.478681
2017-07-07 15:09:35	sleep263
2017-07-07 15:14:35	SHOT: 45 ; TIME SHoT: 2017-07-07 15:13:58.478712
2017-07-07 15:14:35	sleep262
2017-07-07 15:19:35	SHOT: 46 ; TIME SHoT: 2017-07-07 15:18:58.478748
2017-07-07 15:19:35	sleep263
2017-07-07 15:24:35	SHOT: 47 ; TIME SHoT: 2017-07-07 15:23:58.478808
2017-07-07 15:24:35	sleep263
2017-07-07 15:29:35	SHOT: 48 ; TIME SHoT: 2017-07-07 15:28:58.478857
2017-07-07 15:29:35	sleep263
2017-07-07 15:34:35	SHOT: 49 ; TIME SHoT: 2017-07-07 15:33:58.478893
2017-07-07 15:34:35	sleep263
2017-07-07 15:39:35	SHOT: 50 ; TIME SHoT: 2017-07-07 15:38:58.478952
2017-07-07 15:39:35	sleep263
2017-07-07 15:44:35	SHOT: 51 ; TIME SHoT: 2017-07-07 15:43:58.478994
2017-07-07 15:44:36	sleep262
2017-07-07 15:49:35	SHOT: 52 ; TIME SHoT: 2017-07-07 15:48:58.479028
2017-07-07 15:49:35	sleep263
2017-07-07 15:54:35	SHOT: 53 ; TIME SHoT: 2017-07-07 15:53:58.479097
2017-07-07 15:54:35	sleep263
2017-07-07 15:59:35	SHOT: 54 ; TIME SHoT: 2017-07-07 15:58:58.479164
2017-07-07 15:59:35	sleep263
2017-07-07 16:04:35	SHOT: 55 ; TIME SHoT: 2017-07-07 16:03:58.479212
2017-07-07 16:04:35	sleep263
2017-07-07 16:09:35	SHOT: 56 ; TIME SHoT: 2017-07-07 16:08:58.479262
2017-07-07 16:09:35	sleep263
2017-07-07 16:14:35	SHOT: 57 ; TIME SHoT: 2017-07-07 16:13:58.479294
2017-07-07 16:14:35	sleep263
2017-07-07 16:19:35	SHOT: 58 ; TIME SHoT: 2017-07-07 16:18:58.479328
2017-07-07 16:19:35	sleep263
2017-07-07 16:24:35	SHOT: 59 ; TIME SHoT: 2017-07-07 16:23:58.479369
2017-07-07 16:24:35	sleep263
2017-07-07 16:29:35	SHOT: 60 ; TIME SHoT: 2017-07-07 16:28:58.482929
2017-07-07 16:29:35	sleep263
2017-07-07 16:34:35	SHOT: 61 ; TIME SHoT: 2017-07-07 16:33:58.482994
2017-07-07 16:34:35	sleep263
2017-07-07 16:39:35	SHOT: 62 ; TIME SHoT: 2017-07-07 16:38:58.515425
2017-07-07 16:39:35	sleep263
2017-07-07 16:44:35	SHOT: 63 ; TIME SHoT: 2017-07-07 16:43:58.515459
2017-07-07 16:44:35	sleep263
2017-07-07 16:49:35	SHOT: 64 ; TIME SHoT: 2017-07-07 16:48:58.515481
2017-07-07 16:49:35	sleep263
2017-07-07 16:54:35	SHOT: 65 ; TIME SHoT: 2017-07-07 16:53:58.515567
2017-07-07 16:54:35	sleep263
2017-07-07 16:59:35	SHOT: 66 ; TIME SHoT: 2017-07-07 16:58:58.515625
2017-07-07 16:59:35	sleep263
2017-07-07 17:04:35	SHOT: 67 ; TIME SHoT: 2017-07-07 17:03:58.515673
2017-07-07 17:04:35	sleep263
2017-07-07 17:09:35	SHOT: 68 ; TIME SHoT: 2017-07-07 17:08:58.515704
2017-07-07 17:09:35	sleep263
2017-07-07 17:14:35	SHOT: 69 ; TIME SHoT: 2017-07-07 17:13:58.515743
2017-07-07 17:14:35	sleep263
2017-07-07 17:19:35	SHOT: 70 ; TIME SHoT: 2017-07-07 17:18:58.515797
2017-07-07 17:19:35	sleep263
2017-07-07 17:24:35	SHOT: 71 ; TIME SHoT: 2017-07-07 17:23:58.556751
2017-07-07 17:24:35	sleep263
2017-07-07 17:29:35	SHOT: 72 ; TIME SHoT: 2017-07-07 17:28:58.556825
2017-07-07 17:29:35	sleep263
2017-07-07 17:34:35	SHOT: 73 ; TIME SHoT: 2017-07-07 17:33:58.556870
2017-07-07 17:34:35	sleep263
2017-07-07 17:39:35	SHOT: 74 ; TIME SHoT: 2017-07-07 17:38:58.566726
2017-07-07 17:39:35	sleep263
2017-07-07 17:44:35	SHOT: 75 ; TIME SHoT: 2017-07-07 17:43:58.566796
2017-07-07 17:44:35	sleep263
2017-07-07 17:49:35	SHOT: 76 ; TIME SHoT: 2017-07-07 17:48:58.575608
2017-07-07 17:49:35	sleep263
2017-07-07 17:54:35	SHOT: 77 ; TIME SHoT: 2017-07-07 17:53:58.579899
2017-07-07 17:54:35	sleep263
2017-07-07 17:59:35	SHOT: 78 ; TIME SHoT: 2017-07-07 17:58:58.579963
2017-07-07 17:59:35	sleep263
2017-07-07 18:03:58	300
2017-07-07 18:08:58	300
2017-07-07 18:13:58	300
2017-07-07 18:18:58	300
2017-07-07 18:23:58	300
2017-07-07 18:28:59	300
2017-07-07 18:33:59	300
2017-07-07 18:38:59	300
2017-07-07 18:43:59	300
2017-07-07 18:48:59	300
2017-07-07 18:53:59	300
2017-07-07 18:58:59	300
2017-07-07 19:03:59	300
2017-07-07 19:08:59	300
2017-07-07 19:13:59	300
2017-07-07 19:18:59	300
2017-07-07 19:23:59	300
2017-07-07 19:28:59	300
2017-07-07 19:33:59	300
2017-07-07 19:38:59	300
2017-07-07 19:44:00	300
2017-07-07 19:49:00	300
2017-07-07 19:54:00	300
2017-07-07 19:59:00	300
2017-07-07 20:04:00	300
2017-07-07 20:09:00	300
2017-07-07 20:14:00	300
2017-07-07 20:19:00	300
2017-07-07 20:24:00	300
2017-07-07 20:29:00	300
2017-07-07 20:34:00	300
2017-07-07 20:39:01	300
2017-07-07 20:44:01	300
2017-07-07 20:49:01	300
2017-07-07 20:54:01	300
2017-07-07 20:59:01	300
2017-07-07 21:04:01	300
2017-07-07 21:09:01	300
2017-07-07 21:14:01	300
2017-07-07 21:19:01	300
2017-07-07 21:24:01	300
2017-07-07 21:29:01	300
2017-07-07 21:34:01	300
2017-07-07 21:39:02	300
2017-07-07 21:44:02	300
2017-07-07 21:49:02	300
2017-07-07 21:54:02	300
2017-07-07 21:59:02	300
2017-07-07 22:04:02	300
2017-07-07 22:09:02	300
2017-07-07 22:14:02	300
2017-07-07 22:19:02	300
2017-07-07 22:24:03	300
2017-07-07 22:29:03	300
2017-07-07 22:34:03	300
2017-07-07 22:39:03	300
2017-07-07 22:44:03	300
2017-07-07 22:49:03	300
2017-07-07 22:54:03	300
2017-07-07 22:59:03	300
2017-07-07 23:04:03	300
2017-07-07 23:09:03	300
2017-07-07 23:14:03	300
2017-07-07 23:19:04	300
2017-07-07 23:24:04	300
2017-07-07 23:29:04	300
2017-07-07 23:34:04	300
2017-07-07 23:39:04	300
2017-07-07 23:44:04	300
2017-07-07 23:49:04	300
2017-07-07 23:54:04	300
2017-07-07 23:59:04	300
2017-07-08 00:04:04	300
2017-07-08 00:09:04	300
2017-07-08 00:14:05	300
2017-07-08 00:19:05	300
2017-07-08 00:20:36	Start program
2017-07-08 00:21:21	Saturday, 08. July 2017 12:21AM
2017-07-08 00:21:21	SET INTERVAL: 0:05:00
2017-07-08 00:21:21	START-STOP TIME: 08:30:00 - 18:00:00
2017-07-08 00:21:37	CAMERA SET OK
2017-07-08 00:21:37	300
2017-07-08 00:26:37	300
2017-07-08 00:31:37	300
2017-07-08 00:36:37	300
2017-07-08 00:41:37	300
2017-07-08 00:46:37	300
2017-07-08 00:51:37	300
2017-07-08 00:56:37	300
2017-07-08 01:01:38	300
2017-07-08 01:06:38	300
2017-07-08 01:11:38	300
2017-07-08 01:16:38	300
2017-07-08 01:21:38	300
2017-07-08 01:26:38	300
2017-07-08 01:31:38	300
2017-07-08 01:36:38	300
2017-07-08 01:41:38	300
2017-07-08 01:46:38	300
2017-07-08 01:51:38	300
2017-07-08 01:56:39	300
2017-07-08 02:01:39	300
2017-07-08 02:06:39	300
2017-07-08 02:11:39	300
2017-07-08 02:16:39	300
2017-07-08 02:21:39	300
2017-07-08 02:26:39	300
2017-07-08 02:31:39	300
2017-07-08 02:36:39	300
2017-07-08 02:41:39	300
2017-07-08 02:46:39	300
2017-07-08 02:51:40	300
2017-07-08 02:56:40	300
2017-07-08 03:01:40	300
2017-07-08 03:06:40	300
2017-07-08 03:11:40	300
2017-07-08 03:16:40	300
2017-07-08 03:21:40	300
2017-07-08 03:26:40	300
2017-07-08 03:31:40	300
2017-07-08 03:36:40	300
2017-07-08 03:41:40	300
2017-07-08 03:46:41	300
2017-07-08 03:51:41	300
2017-07-08 03:56:41	300
2017-07-08 04:01:41	300
2017-07-08 04:06:41	300
2017-07-08 04:11:41	300
2017-07-08 04:16:41	300
2017-07-08 04:21:41	300
2017-07-08 04:26:41	300
2017-07-08 04:31:41	300
2017-07-08 04:36:42	300
2017-07-08 04:41:42	300
2017-07-08 04:46:42	300
2017-07-08 04:51:42	300
2017-07-08 04:56:42	300
2017-07-08 05:01:42	300
2017-07-08 05:06:42	300
2017-07-08 05:11:42	300
2017-07-08 05:16:42	300
2017-07-08 05:21:42	300
2017-07-08 05:26:43	300
2017-07-08 05:31:43	300
2017-07-08 05:36:43	300
2017-07-08 05:41:43	300
2017-07-08 05:46:43	300
2017-07-08 05:51:43	300
2017-07-08 05:56:43	300
2017-07-08 06:01:43	300
2017-07-08 06:06:43	300
2017-07-08 06:11:43	300
2017-07-08 06:16:43	300
2017-07-08 06:21:43	300
2017-07-08 06:26:43	300
2017-07-08 06:31:43	300
2017-07-08 06:36:44	300
2017-07-08 06:41:44	300
2017-07-08 06:46:44	300
2017-07-08 06:51:44	300
2017-07-08 06:56:44	300
2017-07-08 07:01:44	300
2017-07-08 07:06:44	300
2017-07-08 07:11:44	300
2017-07-08 07:16:44	300
2017-07-08 07:21:44	300
2017-07-08 07:26:44	300
2017-07-08 07:31:45	300
2017-07-08 07:36:45	300
2017-07-08 07:41:45	300
2017-07-08 07:46:45	300
2017-07-08 07:51:45	300
2017-07-08 07:56:45	300
2017-07-08 08:01:45	300
2017-07-08 08:06:45	300
2017-07-08 08:11:45	300
2017-07-08 08:16:45	300
2017-07-08 08:21:45	300
2017-07-08 08:26:45	300
2017-07-08 08:32:22	SHOT: 1 ; TIME SHoT: 2017-07-08 08:31:46.088630
2017-07-08 08:32:22	sleep263
2017-07-08 08:37:22	SHOT: 2 ; TIME SHoT: 2017-07-08 08:36:46.088694
2017-07-08 08:37:22	sleep263
2017-07-08 08:42:22	SHOT: 3 ; TIME SHoT: 2017-07-08 08:41:46.088715
2017-07-08 08:42:22	sleep263
2017-07-08 08:47:22	SHOT: 4 ; TIME SHoT: 2017-07-08 08:46:46.088786
2017-07-08 08:47:22	sleep263
2017-07-08 08:52:22	SHOT: 5 ; TIME SHoT: 2017-07-08 08:51:46.088818
2017-07-08 08:52:22	sleep263
2017-07-08 08:57:31	SHOT: 6 ; TIME SHoT: 2017-07-08 08:56:46.088890
2017-07-08 08:57:31	sleep254
2017-07-08 09:02:22	SHOT: 7 ; TIME SHoT: 2017-07-08 09:01:46.088915
2017-07-08 09:02:22	sleep263
2017-07-08 09:07:23	SHOT: 8 ; TIME SHoT: 2017-07-08 09:06:46.088939
2017-07-08 09:07:23	sleep262
2017-07-08 09:12:22	SHOT: 9 ; TIME SHoT: 2017-07-08 09:11:46.088978
2017-07-08 09:12:22	sleep263
2017-07-08 09:17:22	SHOT: 10 ; TIME SHoT: 2017-07-08 09:16:46.089018
2017-07-08 09:17:22	sleep263
2017-07-08 09:22:22	SHOT: 11 ; TIME SHoT: 2017-07-08 09:21:46.089043
2017-07-08 09:22:22	sleep263
2017-07-08 09:27:22	SHOT: 12 ; TIME SHoT: 2017-07-08 09:26:46.089070
2017-07-08 09:27:22	sleep263
2017-07-08 09:32:22	SHOT: 13 ; TIME SHoT: 2017-07-08 09:31:46.089096
2017-07-08 09:32:22	sleep263
2017-07-08 09:37:22	SHOT: 14 ; TIME SHoT: 2017-07-08 09:36:46.089118
2017-07-08 09:37:22	sleep263
2017-07-08 09:42:22	SHOT: 15 ; TIME SHoT: 2017-07-08 09:41:46.089184
2017-07-08 09:42:22	sleep263
2017-07-08 09:47:22	SHOT: 16 ; TIME SHoT: 2017-07-08 09:46:46.089211
2017-07-08 09:47:22	sleep263
2017-07-08 09:52:22	SHOT: 17 ; TIME SHoT: 2017-07-08 09:51:46.089241
2017-07-08 09:52:22	sleep263
2017-07-08 09:57:22	SHOT: 18 ; TIME SHoT: 2017-07-08 09:56:46.089292
2017-07-08 09:57:22	sleep263
2017-07-08 10:02:22	SHOT: 19 ; TIME SHoT: 2017-07-08 10:01:46.089314
2017-07-08 10:02:22	sleep263
2017-07-08 10:07:22	SHOT: 20 ; TIME SHoT: 2017-07-08 10:06:46.089348
2017-07-08 10:07:22	sleep263
2017-07-08 10:12:22	SHOT: 21 ; TIME SHoT: 2017-07-08 10:11:46.089381
2017-07-08 10:12:22	sleep263
2017-07-08 10:17:22	SHOT: 22 ; TIME SHoT: 2017-07-08 10:16:46.089401
2017-07-08 10:17:22	sleep263
2017-07-08 10:22:22	SHOT: 23 ; TIME SHoT: 2017-07-08 10:21:46.089427
2017-07-08 10:22:22	sleep263
2017-07-08 10:27:22	SHOT: 24 ; TIME SHoT: 2017-07-08 10:26:46.089463
2017-07-08 10:27:22	sleep263
2017-07-08 10:32:22	SHOT: 25 ; TIME SHoT: 2017-07-08 10:31:46.089498
2017-07-08 10:32:22	sleep263
2017-07-08 10:37:22	SHOT: 26 ; TIME SHoT: 2017-07-08 10:36:46.089524
2017-07-08 10:37:22	sleep263
2017-07-08 10:42:22	SHOT: 27 ; TIME SHoT: 2017-07-08 10:41:46.089547
2017-07-08 10:42:22	sleep263
2017-07-08 10:47:22	SHOT: 28 ; TIME SHoT: 2017-07-08 10:46:46.089578
2017-07-08 10:47:22	sleep263
2017-07-08 10:52:22	SHOT: 29 ; TIME SHoT: 2017-07-08 10:51:46.089598
2017-07-08 10:52:22	sleep263
2017-07-08 10:57:22	SHOT: 30 ; TIME SHoT: 2017-07-08 10:56:46.089634
2017-07-08 10:57:22	sleep263
2017-07-08 11:02:22	SHOT: 31 ; TIME SHoT: 2017-07-08 11:01:46.089655
2017-07-08 11:02:22	sleep263
2017-07-08 11:07:22	SHOT: 32 ; TIME SHoT: 2017-07-08 11:06:46.089692
2017-07-08 11:07:22	sleep263
2017-07-08 11:12:22	SHOT: 33 ; TIME SHoT: 2017-07-08 11:11:46.089763
2017-07-08 11:12:22	sleep263
2017-07-08 11:17:33	SHOT: 34 ; TIME SHoT: 2017-07-08 11:16:46.089791
2017-07-08 11:17:33	sleep253
2017-07-08 11:22:22	SHOT: 35 ; TIME SHoT: 2017-07-08 11:21:46.119957
2017-07-08 11:22:23	sleep263
2017-07-08 11:27:23	SHOT: 36 ; TIME SHoT: 2017-07-08 11:26:46.120016
2017-07-08 11:27:23	sleep263
2017-07-08 11:32:22	SHOT: 37 ; TIME SHoT: 2017-07-08 11:31:46.120043
2017-07-08 11:32:22	sleep263
2017-07-08 11:37:22	SHOT: 38 ; TIME SHoT: 2017-07-08 11:36:46.120065
2017-07-08 11:37:22	sleep263
2017-07-08 11:42:22	SHOT: 39 ; TIME SHoT: 2017-07-08 11:41:46.120097
2017-07-08 11:42:22	sleep263
2017-07-08 11:47:22	SHOT: 40 ; TIME SHoT: 2017-07-08 11:46:46.120150
2017-07-08 11:47:22	sleep263
2017-07-08 11:52:23	SHOT: 41 ; TIME SHoT: 2017-07-08 11:51:46.120171
2017-07-08 11:52:23	sleep263
2017-07-08 11:57:22	SHOT: 42 ; TIME SHoT: 2017-07-08 11:56:46.120192
2017-07-08 11:57:22	sleep263
2017-07-08 12:02:22	SHOT: 43 ; TIME SHoT: 2017-07-08 12:01:46.120229
2017-07-08 12:02:22	sleep263
2017-07-08 12:07:22	SHOT: 44 ; TIME SHoT: 2017-07-08 12:06:46.120266
2017-07-08 12:07:22	sleep263
2017-07-08 12:12:22	SHOT: 45 ; TIME SHoT: 2017-07-08 12:11:46.120296
2017-07-08 12:12:22	sleep263
2017-07-08 12:17:23	SHOT: 46 ; TIME SHoT: 2017-07-08 12:16:46.120330
2017-07-08 12:17:23	sleep263
2017-07-08 12:22:22	SHOT: 47 ; TIME SHoT: 2017-07-08 12:21:46.120393
2017-07-08 12:22:22	sleep263
2017-07-08 12:27:22	SHOT: 48 ; TIME SHoT: 2017-07-08 12:26:46.120429
2017-07-08 12:27:22	sleep263
2017-07-08 12:32:22	SHOT: 49 ; TIME SHoT: 2017-07-08 12:31:46.120504
2017-07-08 12:32:22	sleep263
2017-07-08 12:37:22	SHOT: 50 ; TIME SHoT: 2017-07-08 12:36:46.120534
2017-07-08 12:37:22	sleep263
2017-07-08 12:42:23	SHOT: 51 ; TIME SHoT: 2017-07-08 12:41:46.120557
2017-07-08 12:42:23	sleep263
2017-07-08 12:47:22	SHOT: 52 ; TIME SHoT: 2017-07-08 12:46:46.120588
2017-07-08 12:47:22	sleep263
2017-07-08 12:52:23	SHOT: 53 ; TIME SHoT: 2017-07-08 12:51:46.120612
2017-07-08 12:52:23	sleep263
2017-07-08 12:57:22	SHOT: 54 ; TIME SHoT: 2017-07-08 12:56:46.129944
2017-07-08 12:57:22	sleep263
2017-07-08 13:02:22	SHOT: 55 ; TIME SHoT: 2017-07-08 13:01:46.129967
2017-07-08 13:02:22	sleep263
2017-07-08 13:07:23	SHOT: 56 ; TIME SHoT: 2017-07-08 13:06:46.130004
2017-07-08 13:07:23	sleep263
2017-07-08 13:12:23	SHOT: 57 ; TIME SHoT: 2017-07-08 13:11:46.130064
2017-07-08 13:12:23	sleep263
2017-07-08 13:17:23	SHOT: 58 ; TIME SHoT: 2017-07-08 13:16:46.130108
2017-07-08 13:17:23	sleep263
2017-07-08 13:22:22	SHOT: 59 ; TIME SHoT: 2017-07-08 13:21:46.130156
2017-07-08 13:22:22	sleep263
2017-07-08 13:27:23	SHOT: 60 ; TIME SHoT: 2017-07-08 13:26:46.130202
2017-07-08 13:27:23	sleep263
2017-07-08 13:32:23	SHOT: 61 ; TIME SHoT: 2017-07-08 13:31:46.130233
2017-07-08 13:32:23	sleep263
2017-07-08 13:37:23	SHOT: 62 ; TIME SHoT: 2017-07-08 13:36:46.130285
2017-07-08 13:37:23	sleep263
2017-07-08 13:42:22	SHOT: 63 ; TIME SHoT: 2017-07-08 13:41:46.130311
2017-07-08 13:42:22	sleep263
2017-07-08 13:47:23	SHOT: 64 ; TIME SHoT: 2017-07-08 13:46:46.130367
2017-07-08 13:47:23	sleep263
2017-07-08 13:52:23	SHOT: 65 ; TIME SHoT: 2017-07-08 13:51:46.130393
2017-07-08 13:52:23	sleep263
2017-07-08 13:57:22	SHOT: 66 ; TIME SHoT: 2017-07-08 13:56:46.130415
2017-07-08 13:57:22	sleep263
2017-07-08 14:02:22	SHOT: 67 ; TIME SHoT: 2017-07-08 14:01:46.130446
2017-07-08 14:02:22	sleep263
2017-07-08 14:07:22	SHOT: 68 ; TIME SHoT: 2017-07-08 14:06:46.130479
2017-07-08 14:07:22	sleep263
2017-07-08 14:12:22	SHOT: 69 ; TIME SHoT: 2017-07-08 14:11:46.130543
2017-07-08 14:12:22	sleep263
2017-07-08 14:17:23	SHOT: 70 ; TIME SHoT: 2017-07-08 14:16:46.130574
2017-07-08 14:17:23	sleep263
2017-07-08 14:22:22	SHOT: 71 ; TIME SHoT: 2017-07-08 14:21:46.130599
2017-07-08 14:22:22	sleep263
2017-07-08 14:27:23	SHOT: 72 ; TIME SHoT: 2017-07-08 14:26:46.130622
2017-07-08 14:27:23	sleep263
2017-07-08 14:32:22	SHOT: 73 ; TIME SHoT: 2017-07-08 14:31:46.130643
2017-07-08 14:32:22	sleep263
2017-07-08 14:37:22	SHOT: 74 ; TIME SHoT: 2017-07-08 14:36:46.130692
2017-07-08 14:37:22	sleep263
2017-07-08 14:42:22	SHOT: 75 ; TIME SHoT: 2017-07-08 14:41:46.130723
2017-07-08 14:42:22	sleep263
2017-07-08 14:47:22	SHOT: 76 ; TIME SHoT: 2017-07-08 14:46:46.130812
2017-07-08 14:47:22	sleep263
2017-07-08 14:52:22	SHOT: 77 ; TIME SHoT: 2017-07-08 14:51:46.130843
2017-07-08 14:52:22	sleep263
2017-07-08 14:57:22	SHOT: 78 ; TIME SHoT: 2017-07-08 14:56:46.130880
2017-07-08 14:57:22	sleep263
2017-07-08 15:02:22	SHOT: 79 ; TIME SHoT: 2017-07-08 15:01:46.130953
2017-07-08 15:02:22	sleep263
2017-07-08 15:07:23	SHOT: 80 ; TIME SHoT: 2017-07-08 15:06:46.131028
2017-07-08 15:07:23	sleep263
2017-07-08 15:12:22	SHOT: 81 ; TIME SHoT: 2017-07-08 15:11:46.131068
2017-07-08 15:12:22	sleep263
2017-07-08 15:17:22	SHOT: 82 ; TIME SHoT: 2017-07-08 15:16:46.131110
2017-07-08 15:17:22	sleep263
2017-07-08 15:22:22	SHOT: 83 ; TIME SHoT: 2017-07-08 15:21:46.131135
2017-07-08 15:22:22	sleep263
2017-07-08 15:27:22	SHOT: 84 ; TIME SHoT: 2017-07-08 15:26:46.131161
2017-07-08 15:27:22	sleep263
2017-07-08 15:32:22	SHOT: 85 ; TIME SHoT: 2017-07-08 15:31:46.131210
2017-07-08 15:32:22	sleep263
2017-07-08 15:37:22	SHOT: 86 ; TIME SHoT: 2017-07-08 15:36:46.131247
2017-07-08 15:37:22	sleep263
2017-07-08 15:42:22	SHOT: 87 ; TIME SHoT: 2017-07-08 15:41:46.131271
2017-07-08 15:42:22	sleep263
2017-07-08 15:47:23	SHOT: 88 ; TIME SHoT: 2017-07-08 15:46:46.131311
2017-07-08 15:47:23	sleep263
2017-07-08 15:52:23	SHOT: 89 ; TIME SHoT: 2017-07-08 15:51:46.131351
2017-07-08 15:52:23	sleep263
2017-07-08 15:57:22	SHOT: 90 ; TIME SHoT: 2017-07-08 15:56:46.131396
2017-07-08 15:57:22	sleep263
2017-07-08 16:02:22	SHOT: 91 ; TIME SHoT: 2017-07-08 16:01:46.131420
2017-07-08 16:02:22	sleep263
2017-07-08 16:07:22	SHOT: 92 ; TIME SHoT: 2017-07-08 16:06:46.131443
2017-07-08 16:07:22	sleep263
2017-07-08 16:12:22	SHOT: 93 ; TIME SHoT: 2017-07-08 16:11:46.131468
2017-07-08 16:12:22	sleep263
2017-07-08 16:17:22	SHOT: 94 ; TIME SHoT: 2017-07-08 16:16:46.131504
2017-07-08 16:17:22	sleep263
2017-07-08 16:22:22	SHOT: 95 ; TIME SHoT: 2017-07-08 16:21:46.131524
2017-07-08 16:22:22	sleep263
2017-07-08 16:27:22	SHOT: 96 ; TIME SHoT: 2017-07-08 16:26:46.131560
2017-07-08 16:27:22	sleep263
2017-07-08 16:32:22	SHOT: 97 ; TIME SHoT: 2017-07-08 16:31:46.131589
2017-07-08 16:32:22	sleep263
2017-07-08 16:37:33	SHOT: 98 ; TIME SHoT: 2017-07-08 16:36:46.131617
2017-07-08 16:37:33	sleep252
2017-07-08 16:42:22	SHOT: 99 ; TIME SHoT: 2017-07-08 16:41:46.131690
2017-07-08 16:42:22	sleep263
2017-07-08 16:47:22	SHOT: 100 ; TIME SHoT: 2017-07-08 16:46:46.131723
2017-07-08 16:47:22	sleep263
2017-07-08 16:52:22	SHOT: 101 ; TIME SHoT: 2017-07-08 16:51:46.131755
2017-07-08 16:52:22	sleep263
2017-07-08 16:57:22	SHOT: 102 ; TIME SHoT: 2017-07-08 16:56:46.131802
2017-07-08 16:57:22	sleep263
2017-07-08 17:02:22	SHOT: 103 ; TIME SHoT: 2017-07-08 17:01:46.131831
2017-07-08 17:02:22	sleep263
2017-07-08 17:07:22	SHOT: 104 ; TIME SHoT: 2017-07-08 17:06:46.131866
2017-07-08 17:07:22	sleep263
2017-07-08 17:12:22	SHOT: 105 ; TIME SHoT: 2017-07-08 17:11:46.131894
2017-07-08 17:12:22	sleep263
2017-07-08 17:17:22	SHOT: 106 ; TIME SHoT: 2017-07-08 17:16:46.131928
2017-07-08 17:17:22	sleep263
2017-07-08 17:22:22	SHOT: 107 ; TIME SHoT: 2017-07-08 17:21:46.131954
2017-07-08 17:22:22	sleep263
2017-07-08 17:27:22	SHOT: 108 ; TIME SHoT: 2017-07-08 17:26:46.131973
2017-07-08 17:27:22	sleep263
2017-07-08 17:32:22	SHOT: 109 ; TIME SHoT: 2017-07-08 17:31:46.132005
2017-07-08 17:32:22	sleep263
2017-07-08 17:37:22	SHOT: 110 ; TIME SHoT: 2017-07-08 17:36:46.132042
2017-07-08 17:37:22	sleep263
2017-07-08 17:42:22	SHOT: 111 ; TIME SHoT: 2017-07-08 17:41:46.132069
2017-07-08 17:42:22	sleep263
2017-07-08 17:47:22	SHOT: 112 ; TIME SHoT: 2017-07-08 17:46:46.132136
2017-07-08 17:47:22	sleep263
2017-07-08 17:52:22	SHOT: 113 ; TIME SHoT: 2017-07-08 17:51:46.132159
2017-07-08 17:52:22	sleep263
2017-07-08 17:57:22	SHOT: 114 ; TIME SHoT: 2017-07-08 17:56:46.132195
2017-07-08 17:57:22	sleep263
2017-07-08 18:01:46	300
2017-07-08 18:06:46	300
2017-07-08 18:11:46	300
2017-07-08 18:16:46	300
2017-07-08 18:21:46	300
2017-07-08 18:26:46	300
2017-07-08 18:31:46	300
2017-07-08 18:36:46	300
2017-07-08 18:41:46	300
2017-07-08 18:46:46	300
2017-07-08 18:51:46	300
2017-07-08 18:56:46	300
2017-07-08 19:01:46	300
2017-07-08 19:06:47	300
2017-07-08 19:11:47	300
2017-07-08 19:16:47	300
2017-07-08 19:21:47	300
2017-07-08 19:26:47	300
2017-07-08 19:31:47	300
2017-07-08 19:36:47	300
2017-07-08 19:41:47	300
2017-07-08 19:46:47	300
2017-07-08 19:51:47	300
2017-07-08 19:56:47	300
2017-07-08 20:01:47	300
2017-07-08 20:06:47	300
2017-07-08 20:11:48	300
2017-07-08 20:16:48	300
2017-07-08 20:21:48	300
2017-07-08 20:26:48	300
2017-07-08 20:31:48	300
2017-07-08 20:36:48	300
2017-07-08 20:41:48	300
2017-07-08 20:46:48	300
2017-07-08 20:51:48	300
2017-07-08 20:56:48	300
2017-07-08 21:01:48	300
2017-07-08 21:06:48	300
2017-07-08 21:11:49	300
2017-07-08 21:16:49	300
2017-07-08 21:21:49	300
2017-07-08 21:26:49	300
2017-07-08 21:31:49	300
2017-07-08 21:36:49	300
2017-07-08 21:41:49	300
2017-07-08 21:46:49	300
2017-07-08 21:51:49	300
2017-07-08 21:56:49	300
2017-07-08 22:01:49	300
2017-07-08 22:06:50	300
2017-07-08 22:11:50	300
2017-07-08 22:16:50	300
2017-07-08 22:21:50	300
2017-07-08 22:26:50	300
2017-07-08 22:31:50	300
2017-07-08 22:36:50	300
2017-07-08 22:41:50	300
2017-07-08 22:46:50	300
2017-07-08 22:51:50	300
2017-07-08 22:56:50	300
2017-07-08 23:01:50	300
2017-07-08 23:06:51	300
2017-07-08 23:11:51	300
2017-07-08 23:16:51	300
2017-07-08 23:21:51	300
2017-07-08 23:26:51	300
2017-07-08 23:31:51	300
2017-07-08 23:36:51	300
2017-07-08 23:41:51	300
2017-07-08 23:46:51	300
2017-07-08 23:51:51	300
2017-07-08 23:56:52	300
2017-07-09 00:01:52	300
2017-07-09 00:06:52	300
2017-07-09 00:11:52	300
2017-07-09 00:16:52	300
2017-07-09 00:20:48	Start program
2017-07-09 00:21:37	Sunday, 09. July 2017 12:21AM
2017-07-09 00:21:37	SET INTERVAL: 0:05:00
2017-07-09 00:21:37	START-STOP TIME: 08:30:00 - 18:00:00
2017-07-09 00:21:53	CAMERA SET OK
2017-07-09 00:21:53	300
2017-07-09 00:26:53	300
2017-07-09 00:31:54	300
2017-07-09 00:36:54	300
2017-07-09 00:41:54	300
2017-07-09 00:46:54	300
2017-07-09 00:51:54	300
2017-07-09 00:56:54	300
2017-07-09 01:01:54	300
2017-07-09 01:06:54	300
2017-07-09 01:11:54	300
2017-07-09 01:16:54	300
2017-07-09 01:21:54	300
2017-07-09 01:26:54	300
2017-07-09 01:31:55	300
2017-07-09 01:36:55	300
2017-07-09 01:41:55	300
2017-07-09 01:46:55	300
2017-07-09 01:51:55	300
2017-07-09 01:56:55	300
2017-07-09 02:01:55	300
2017-07-09 02:06:55	300
2017-07-09 02:11:55	300
2017-07-09 02:16:55	300
2017-07-09 02:21:55	300
2017-07-09 02:26:56	300
2017-07-09 02:31:56	300
2017-07-09 02:36:56	300
2017-07-09 02:41:56	300
2017-07-09 02:46:56	300
2017-07-09 02:51:56	300
2017-07-09 02:56:56	300
2017-07-09 03:01:56	300
2017-07-09 03:06:56	300
2017-07-09 03:11:56	300
2017-07-09 03:16:56	300
2017-07-09 03:21:56	300
2017-07-09 03:26:57	300
2017-07-09 03:31:57	300
2017-07-09 03:36:57	300
2017-07-09 03:41:57	300
2017-07-09 03:46:57	300
2017-07-09 03:51:57	300
2017-07-09 03:56:57	300
2017-07-09 04:01:57	300
2017-07-09 04:06:57	300
2017-07-09 04:11:57	300
2017-07-09 04:16:57	300
2017-07-09 04:21:58	300
2017-07-09 04:26:58	300
2017-07-09 04:31:58	300
2017-07-09 04:36:58	300
2017-07-09 04:41:58	300
2017-07-09 04:46:58	300
2017-07-09 04:51:58	300
2017-07-09 04:56:58	300
2017-07-09 05:01:58	300
2017-07-09 05:06:58	300
2017-07-09 05:11:58	300
2017-07-09 05:16:59	300
2017-07-09 05:21:59	300
2017-07-09 05:26:59	300
2017-07-09 05:31:59	300
2017-07-09 05:36:59	300
2017-07-09 05:41:59	300
2017-07-09 05:46:59	300
2017-07-09 05:51:59	300
2017-07-09 05:56:59	300
2017-07-09 06:01:59	300
2017-07-09 06:06:59	300
2017-07-09 06:11:59	300
2017-07-09 06:17:00	300
2017-07-09 06:22:00	300
2017-07-09 06:27:00	300
2017-07-09 06:32:00	300
2017-07-09 06:37:00	300
2017-07-09 06:42:00	300
2017-07-09 06:47:00	300
2017-07-09 06:52:00	300
2017-07-09 06:57:00	300
2017-07-09 07:02:00	300
2017-07-09 07:07:01	300
2017-07-09 07:12:01	300
2017-07-09 07:17:01	300
2017-07-09 07:22:01	300
2017-07-09 07:27:01	300
2017-07-09 07:32:01	300
2017-07-09 07:37:01	300
2017-07-09 07:42:01	300
2017-07-09 07:47:01	300
2017-07-09 07:52:01	300
2017-07-09 07:57:02	300
2017-07-09 08:02:02	300
2017-07-09 08:07:02	300
2017-07-09 08:12:02	300
2017-07-09 08:17:02	300
2017-07-09 08:22:02	300
2017-07-09 08:27:02	300
2017-07-09 08:32:39	SHOT: 1 ; TIME SHoT: 2017-07-09 08:32:02.672993
2017-07-09 08:32:39	sleep263
2017-07-09 08:37:39	SHOT: 2 ; TIME SHoT: 2017-07-09 08:37:02.673066
2017-07-09 08:37:39	sleep263
2017-07-09 08:42:39	SHOT: 3 ; TIME SHoT: 2017-07-09 08:42:02.673102
2017-07-09 08:42:39	sleep263
2017-07-09 08:47:39	SHOT: 4 ; TIME SHoT: 2017-07-09 08:47:02.673174
2017-07-09 08:47:39	sleep263
2017-07-09 08:52:48	SHOT: 5 ; TIME SHoT: 2017-07-09 08:52:02.673219
2017-07-09 08:52:48	sleep254
2017-07-09 08:57:39	SHOT: 6 ; TIME SHoT: 2017-07-09 08:57:02.673272
2017-07-09 08:57:39	sleep263
2017-07-09 09:02:40	SHOT: 7 ; TIME SHoT: 2017-07-09 09:02:02.673297
2017-07-09 09:02:40	sleep261
2017-07-09 09:07:39	SHOT: 8 ; TIME SHoT: 2017-07-09 09:07:02.673325
2017-07-09 09:07:39	sleep263
2017-07-09 09:12:39	SHOT: 9 ; TIME SHoT: 2017-07-09 09:12:02.673360
2017-07-09 09:12:39	sleep263
2017-07-09 09:17:39	SHOT: 10 ; TIME SHoT: 2017-07-09 09:17:02.673385
2017-07-09 09:17:39	sleep263
2017-07-09 09:22:39	SHOT: 11 ; TIME SHoT: 2017-07-09 09:22:02.673435
2017-07-09 09:22:39	sleep263
2017-07-09 09:27:39	SHOT: 12 ; TIME SHoT: 2017-07-09 09:27:02.673462
2017-07-09 09:27:39	sleep263
2017-07-09 09:32:39	SHOT: 13 ; TIME SHoT: 2017-07-09 09:32:02.673491
2017-07-09 09:32:39	sleep263
2017-07-09 09:37:39	SHOT: 14 ; TIME SHoT: 2017-07-09 09:37:02.673537
2017-07-09 09:37:39	sleep263
2017-07-09 09:42:39	SHOT: 15 ; TIME SHoT: 2017-07-09 09:42:02.673606
2017-07-09 09:42:39	sleep263
2017-07-09 09:47:39	SHOT: 16 ; TIME SHoT: 2017-07-09 09:47:02.673660
2017-07-09 09:47:39	sleep263
2017-07-09 09:52:39	SHOT: 17 ; TIME SHoT: 2017-07-09 09:52:02.673690
2017-07-09 09:52:39	sleep263
2017-07-09 09:57:39	SHOT: 18 ; TIME SHoT: 2017-07-09 09:57:02.673727
2017-07-09 09:57:39	sleep263
2017-07-09 10:02:39	SHOT: 19 ; TIME SHoT: 2017-07-09 10:02:02.673772
2017-07-09 10:02:39	sleep263
2017-07-09 10:07:39	SHOT: 20 ; TIME SHoT: 2017-07-09 10:07:02.673840
2017-07-09 10:07:39	sleep263
2017-07-09 10:12:39	SHOT: 21 ; TIME SHoT: 2017-07-09 10:12:02.673897
2017-07-09 10:12:39	sleep263
2017-07-09 10:17:39	SHOT: 22 ; TIME SHoT: 2017-07-09 10:17:02.673966
2017-07-09 10:17:39	sleep263
2017-07-09 10:22:39	SHOT: 23 ; TIME SHoT: 2017-07-09 10:22:02.689172
2017-07-09 10:22:39	sleep263
2017-07-09 10:27:39	SHOT: 24 ; TIME SHoT: 2017-07-09 10:27:02.689237
2017-07-09 10:27:39	sleep263
2017-07-09 10:32:39	SHOT: 25 ; TIME SHoT: 2017-07-09 10:32:02.689284
2017-07-09 10:32:39	sleep263
2017-07-09 10:37:39	SHOT: 26 ; TIME SHoT: 2017-07-09 10:37:02.689314
2017-07-09 10:37:39	sleep263
2017-07-09 10:42:39	SHOT: 27 ; TIME SHoT: 2017-07-09 10:42:02.689349
2017-07-09 10:42:39	sleep263
2017-07-09 10:47:39	SHOT: 28 ; TIME SHoT: 2017-07-09 10:47:02.689379
2017-07-09 10:47:39	sleep263
2017-07-09 10:52:39	SHOT: 29 ; TIME SHoT: 2017-07-09 10:52:02.689402
2017-07-09 10:52:39	sleep263
2017-07-09 10:57:39	SHOT: 30 ; TIME SHoT: 2017-07-09 10:57:02.689435
2017-07-09 10:57:39	sleep263
2017-07-09 11:02:39	SHOT: 31 ; TIME SHoT: 2017-07-09 11:02:02.689463
2017-07-09 11:02:39	sleep263
2017-07-09 11:07:39	SHOT: 32 ; TIME SHoT: 2017-07-09 11:07:02.689504
2017-07-09 11:07:39	sleep263
2017-07-09 11:12:39	SHOT: 33 ; TIME SHoT: 2017-07-09 11:12:02.689533
2017-07-09 11:12:39	sleep263
2017-07-09 11:17:39	SHOT: 34 ; TIME SHoT: 2017-07-09 11:17:02.689554
2017-07-09 11:17:39	sleep263
2017-07-09 11:22:39	SHOT: 35 ; TIME SHoT: 2017-07-09 11:22:02.689598
2017-07-09 11:22:39	sleep263
2017-07-09 11:27:39	SHOT: 36 ; TIME SHoT: 2017-07-09 11:27:02.689662
2017-07-09 11:27:39	sleep263
2017-07-09 11:32:39	SHOT: 37 ; TIME SHoT: 2017-07-09 11:32:02.689689
2017-07-09 11:32:39	sleep263
2017-07-09 11:37:39	SHOT: 38 ; TIME SHoT: 2017-07-09 11:37:02.689726
2017-07-09 11:37:39	sleep263
2017-07-09 11:42:39	SHOT: 39 ; TIME SHoT: 2017-07-09 11:42:02.689758
2017-07-09 11:42:39	sleep263
2017-07-09 11:47:39	SHOT: 40 ; TIME SHoT: 2017-07-09 11:47:02.689784
2017-07-09 11:47:39	sleep263
2017-07-09 11:52:39	SHOT: 41 ; TIME SHoT: 2017-07-09 11:52:02.689820
2017-07-09 11:52:39	sleep263
2017-07-09 11:57:39	SHOT: 42 ; TIME SHoT: 2017-07-09 11:57:02.689848
2017-07-09 11:57:39	sleep263
2017-07-09 12:02:39	SHOT: 43 ; TIME SHoT: 2017-07-09 12:02:02.689881
2017-07-09 12:02:39	sleep263
2017-07-09 12:07:39	SHOT: 44 ; TIME SHoT: 2017-07-09 12:07:02.689935
2017-07-09 12:07:39	sleep263
2017-07-09 12:12:39	SHOT: 45 ; TIME SHoT: 2017-07-09 12:12:02.690001
2017-07-09 12:12:39	sleep263
2017-07-09 12:17:39	SHOT: 46 ; TIME SHoT: 2017-07-09 12:17:02.690065
2017-07-09 12:17:39	sleep263
2017-07-09 12:22:39	SHOT: 47 ; TIME SHoT: 2017-07-09 12:22:02.691396
2017-07-09 12:22:39	sleep263
2017-07-09 12:27:39	SHOT: 48 ; TIME SHoT: 2017-07-09 12:27:02.718983
2017-07-09 12:27:39	sleep263
2017-07-09 12:32:39	SHOT: 49 ; TIME SHoT: 2017-07-09 12:32:02.719008
2017-07-09 12:32:39	sleep263
2017-07-09 12:37:39	SHOT: 50 ; TIME SHoT: 2017-07-09 12:37:02.719036
2017-07-09 12:37:39	sleep263
2017-07-09 12:42:39	SHOT: 51 ; TIME SHoT: 2017-07-09 12:42:02.719069
2017-07-09 12:42:39	sleep263
2017-07-09 12:47:39	SHOT: 52 ; TIME SHoT: 2017-07-09 12:47:02.719090
2017-07-09 12:47:39	sleep263
2017-07-09 12:52:39	SHOT: 53 ; TIME SHoT: 2017-07-09 12:52:02.719175
2017-07-09 12:52:39	sleep263
2017-07-09 12:57:39	SHOT: 54 ; TIME SHoT: 2017-07-09 12:57:02.719245
2017-07-09 12:57:39	sleep263
2017-07-09 13:02:39	SHOT: 55 ; TIME SHoT: 2017-07-09 13:02:02.719270
2017-07-09 13:02:39	sleep263
2017-07-09 13:07:39	SHOT: 56 ; TIME SHoT: 2017-07-09 13:07:02.719293
2017-07-09 13:07:39	sleep263
2017-07-09 13:12:39	SHOT: 57 ; TIME SHoT: 2017-07-09 13:12:02.719316
2017-07-09 13:12:39	sleep263
2017-07-09 13:17:39	SHOT: 58 ; TIME SHoT: 2017-07-09 13:17:02.719359
2017-07-09 13:17:39	sleep263
2017-07-09 13:22:39	SHOT: 59 ; TIME SHoT: 2017-07-09 13:22:02.719386
2017-07-09 13:22:39	sleep263
2017-07-09 13:27:39	SHOT: 60 ; TIME SHoT: 2017-07-09 13:27:02.719432
2017-07-09 13:27:39	sleep263
2017-07-09 13:32:39	SHOT: 61 ; TIME SHoT: 2017-07-09 13:32:02.719486
2017-07-09 13:32:39	sleep263
2017-07-09 13:37:39	SHOT: 62 ; TIME SHoT: 2017-07-09 13:37:02.719513
2017-07-09 13:37:39	sleep263
2017-07-09 13:42:39	SHOT: 63 ; TIME SHoT: 2017-07-09 13:42:02.719557
2017-07-09 13:42:39	sleep263
2017-07-09 13:47:39	SHOT: 64 ; TIME SHoT: 2017-07-09 13:47:02.719577
2017-07-09 13:47:39	sleep263
2017-07-09 13:52:39	SHOT: 65 ; TIME SHoT: 2017-07-09 13:52:02.719612
2017-07-09 13:52:39	sleep263
2017-07-09 13:57:39	SHOT: 66 ; TIME SHoT: 2017-07-09 13:57:02.719648
2017-07-09 13:57:39	sleep263
2017-07-09 14:02:39	SHOT: 67 ; TIME SHoT: 2017-07-09 14:02:02.719668
2017-07-09 14:02:39	sleep263
2017-07-09 14:07:39	SHOT: 68 ; TIME SHoT: 2017-07-09 14:07:02.719708
2017-07-09 14:07:39	sleep263
2017-07-09 14:12:39	SHOT: 69 ; TIME SHoT: 2017-07-09 14:12:02.719741
2017-07-09 14:12:39	sleep263
2017-07-09 14:17:39	SHOT: 70 ; TIME SHoT: 2017-07-09 14:17:02.719777
2017-07-09 14:17:39	sleep263
2017-07-09 14:22:39	SHOT: 71 ; TIME SHoT: 2017-07-09 14:22:02.719836
2017-07-09 14:22:39	sleep263
2017-07-09 14:27:39	SHOT: 72 ; TIME SHoT: 2017-07-09 14:27:02.719861
2017-07-09 14:27:39	sleep263
2017-07-09 14:32:47	SHOT: 73 ; TIME SHoT: 2017-07-09 14:32:02.719904
2017-07-09 14:32:47	sleep254
2017-07-09 14:37:39	SHOT: 74 ; TIME SHoT: 2017-07-09 14:37:02.719929
2017-07-09 14:37:39	sleep263
2017-07-09 14:42:02	CAM CAPTUR ERROR:
2017-07-09 14:42:02	SHOT: 75 ; TIME SHoT: 2017-07-09 14:42:02.719960
2017-07-09 14:42:02	sleep299
2017-07-09 14:47:02	CAM CAPTUR ERROR:
2017-07-09 14:47:02	SHOT: 76 ; TIME SHoT: 2017-07-09 14:47:02.720005
2017-07-09 14:47:02	sleep299
2017-07-09 14:52:02	CAM CAPTUR ERROR:
2017-07-09 14:52:02	SHOT: 77 ; TIME SHoT: 2017-07-09 14:52:02.720035
2017-07-09 14:52:02	sleep299
2017-07-09 14:57:02	CAM CAPTUR ERROR:
2017-07-09 14:57:02	SHOT: 78 ; TIME SHoT: 2017-07-09 14:57:02.720068
2017-07-09 14:57:02	sleep299
2017-07-09 15:02:02	CAM CAPTUR ERROR:
2017-07-09 15:02:02	SHOT: 79 ; TIME SHoT: 2017-07-09 15:02:02.720106
2017-07-09 15:02:02	sleep299
2017-07-09 15:07:02	CAM CAPTUR ERROR:
2017-07-09 15:07:02	SHOT: 80 ; TIME SHoT: 2017-07-09 15:07:02.720136
2017-07-09 15:07:02	sleep299
2017-07-09 15:12:02	CAM CAPTUR ERROR:
2017-07-09 15:12:02	SHOT: 81 ; TIME SHoT: 2017-07-09 15:12:02.720163
2017-07-09 15:12:02	sleep299
2017-07-09 15:17:02	CAM CAPTUR ERROR:
2017-07-09 15:17:02	SHOT: 82 ; TIME SHoT: 2017-07-09 15:17:02.720196
2017-07-09 15:17:02	sleep299
2017-07-09 15:22:02	CAM CAPTUR ERROR:
2017-07-09 15:22:02	SHOT: 83 ; TIME SHoT: 2017-07-09 15:22:02.720235
2017-07-09 15:22:02	sleep299
2017-07-09 15:27:02	CAM CAPTUR ERROR:
2017-07-09 15:27:02	SHOT: 84 ; TIME SHoT: 2017-07-09 15:27:02.720272
2017-07-09 15:27:02	sleep299
2017-07-09 15:32:02	CAM CAPTUR ERROR:
2017-07-09 15:32:02	SHOT: 85 ; TIME SHoT: 2017-07-09 15:32:02.720296
2017-07-09 15:32:02	sleep299
2017-07-09 15:37:02	CAM CAPTUR ERROR:
2017-07-09 15:37:02	SHOT: 86 ; TIME SHoT: 2017-07-09 15:37:02.720333
2017-07-09 15:37:02	sleep299
2017-07-09 15:42:02	CAM CAPTUR ERROR:
2017-07-09 15:42:02	SHOT: 87 ; TIME SHoT: 2017-07-09 15:42:02.720366
2017-07-09 15:42:02	sleep299
2017-07-09 15:47:02	CAM CAPTUR ERROR:
2017-07-09 15:47:02	SHOT: 88 ; TIME SHoT: 2017-07-09 15:47:02.720402
2017-07-09 15:47:02	sleep299
2017-07-09 15:52:02	CAM CAPTUR ERROR:
2017-07-09 15:52:02	SHOT: 89 ; TIME SHoT: 2017-07-09 15:52:02.720426
2017-07-09 15:52:02	sleep299
2017-07-09 15:57:02	CAM CAPTUR ERROR:
2017-07-09 15:57:02	SHOT: 90 ; TIME SHoT: 2017-07-09 15:57:02.720456
2017-07-09 15:57:02	sleep299
2017-07-09 16:02:02	CAM CAPTUR ERROR:
2017-07-09 16:02:02	SHOT: 91 ; TIME SHoT: 2017-07-09 16:02:02.720494
2017-07-09 16:02:02	sleep299
2017-07-09 16:07:02	CAM CAPTUR ERROR:
2017-07-09 16:07:02	SHOT: 92 ; TIME SHoT: 2017-07-09 16:07:02.720528
2017-07-09 16:07:02	sleep299
2017-07-09 16:12:02	CAM CAPTUR ERROR:
2017-07-09 16:12:02	SHOT: 93 ; TIME SHoT: 2017-07-09 16:12:02.720566
2017-07-09 16:12:02	sleep299
2017-07-09 16:17:02	CAM CAPTUR ERROR:
2017-07-09 16:17:02	SHOT: 94 ; TIME SHoT: 2017-07-09 16:17:02.720602
2017-07-09 16:17:02	sleep299
2017-07-09 16:22:02	CAM CAPTUR ERROR:
2017-07-09 16:22:02	SHOT: 95 ; TIME SHoT: 2017-07-09 16:22:02.720623
2017-07-09 16:22:02	sleep299
2017-07-09 16:27:02	CAM CAPTUR ERROR:
2017-07-09 16:27:02	SHOT: 96 ; TIME SHoT: 2017-07-09 16:27:02.720648
2017-07-09 16:27:02	sleep299
2017-07-09 16:32:02	CAM CAPTUR ERROR:
2017-07-09 16:32:02	SHOT: 97 ; TIME SHoT: 2017-07-09 16:32:02.720681
2017-07-09 16:32:02	sleep299
2017-07-09 16:37:02	CAM CAPTUR ERROR:
2017-07-09 16:37:02	SHOT: 98 ; TIME SHoT: 2017-07-09 16:37:02.720739
2017-07-09 16:37:02	sleep299
2017-07-09 16:42:02	CAM CAPTUR ERROR:
2017-07-09 16:42:02	SHOT: 99 ; TIME SHoT: 2017-07-09 16:42:02.720764
2017-07-09 16:42:02	sleep299
2017-07-09 16:47:02	CAM CAPTUR ERROR:
2017-07-09 16:47:02	SHOT: 100 ; TIME SHoT: 2017-07-09 16:47:02.720793
2017-07-09 16:47:02	sleep299
2017-07-09 16:52:02	CAM CAPTUR ERROR:
2017-07-09 16:52:02	SHOT: 101 ; TIME SHoT: 2017-07-09 16:52:02.720817
2017-07-09 16:52:02	sleep299
2017-07-09 16:57:02	CAM CAPTUR ERROR:
2017-07-09 16:57:02	SHOT: 102 ; TIME SHoT: 2017-07-09 16:57:02.720843
2017-07-09 16:57:02	sleep299
2017-07-09 17:02:02	CAM CAPTUR ERROR:
2017-07-09 17:02:02	SHOT: 103 ; TIME SHoT: 2017-07-09 17:02:02.720881
2017-07-09 17:02:02	sleep299
2017-07-09 17:07:02	CAM CAPTUR ERROR:
2017-07-09 17:07:02	SHOT: 104 ; TIME SHoT: 2017-07-09 17:07:02.720919
2017-07-09 17:07:02	sleep299
2017-07-09 17:12:02	CAM CAPTUR ERROR:
2017-07-09 17:12:02	SHOT: 105 ; TIME SHoT: 2017-07-09 17:12:02.720955
2017-07-09 17:12:02	sleep299
2017-07-09 17:17:02	CAM CAPTUR ERROR:
2017-07-09 17:17:02	SHOT: 106 ; TIME SHoT: 2017-07-09 17:17:02.720983
2017-07-09 17:17:02	sleep299
2017-07-09 17:22:02	CAM CAPTUR ERROR:
2017-07-09 17:22:02	SHOT: 107 ; TIME SHoT: 2017-07-09 17:22:02.721021
2017-07-09 17:22:02	sleep299
2017-07-09 17:27:02	CAM CAPTUR ERROR:
2017-07-09 17:27:02	SHOT: 108 ; TIME SHoT: 2017-07-09 17:27:02.721059
2017-07-09 17:27:02	sleep299
2017-07-09 17:32:02	CAM CAPTUR ERROR:
2017-07-09 17:32:02	SHOT: 109 ; TIME SHoT: 2017-07-09 17:32:02.721095
2017-07-09 17:32:02	sleep299
2017-07-09 17:37:02	CAM CAPTUR ERROR:
2017-07-09 17:37:02	SHOT: 110 ; TIME SHoT: 2017-07-09 17:37:02.721124
2017-07-09 17:37:02	sleep299
2017-07-09 17:42:02	CAM CAPTUR ERROR:
2017-07-09 17:42:02	SHOT: 111 ; TIME SHoT: 2017-07-09 17:42:02.721147
2017-07-09 17:42:02	sleep299
2017-07-09 17:47:02	CAM CAPTUR ERROR:
2017-07-09 17:47:02	SHOT: 112 ; TIME SHoT: 2017-07-09 17:47:02.721176
2017-07-09 17:47:02	sleep299
2017-07-09 17:52:02	CAM CAPTUR ERROR:
2017-07-09 17:52:02	SHOT: 113 ; TIME SHoT: 2017-07-09 17:52:02.721210
2017-07-09 17:52:02	sleep299
2017-07-09 17:57:02	CAM CAPTUR ERROR:
2017-07-09 17:57:02	SHOT: 114 ; TIME SHoT: 2017-07-09 17:57:02.721246
2017-07-09 17:57:02	sleep299
2017-07-09 18:02:02	300
2017-07-09 18:07:02	300
2017-07-09 18:12:02	300
2017-07-09 18:17:03	300
2017-07-09 18:22:03	300
2017-07-09 18:27:03	300
2017-07-09 18:32:03	300
2017-07-09 18:37:03	300
2017-07-09 18:42:03	300
2017-07-09 18:47:03	300
2017-07-09 18:52:03	300
2017-07-09 18:57:03	300
2017-07-09 19:02:03	300
2017-07-09 19:07:03	300
2017-07-09 19:12:04	300
2017-07-09 19:17:04	300
2017-07-09 19:22:04	300
2017-07-09 19:27:04	300
2017-07-09 19:32:04	300
2017-07-09 19:37:04	300
2017-07-09 19:42:04	300
2017-07-09 19:47:04	300
2017-07-09 19:52:04	300
2017-07-09 19:57:04	300
2017-07-09 20:02:05	300
2017-07-09 20:07:05	300
2017-07-09 20:12:05	300
2017-07-09 20:17:05	300
2017-07-09 20:22:05	300
2017-07-09 20:27:05	300
2017-07-09 20:32:05	300
2017-07-09 20:37:05	300
2017-07-09 20:42:05	300
2017-07-09 20:47:05	300
2017-07-09 20:52:05	300
2017-07-09 20:57:05	300
2017-07-09 21:02:06	300
2017-07-09 21:07:06	300
2017-07-09 21:12:06	300
2017-07-09 21:17:06	300
2017-07-09 21:22:06	300
2017-07-09 21:27:06	300
2017-07-09 21:32:06	300
2017-07-09 21:37:06	300
2017-07-09 21:42:06	300
2017-07-09 21:47:06	300
2017-07-09 21:52:06	300
2017-07-09 21:57:07	300
2017-07-09 22:02:07	300
2017-07-09 22:07:07	300
2017-07-09 22:12:07	300
2017-07-09 22:17:07	300
2017-07-09 22:22:07	300
2017-07-09 22:27:07	300
2017-07-09 22:32:07	300
2017-07-09 22:37:07	300
2017-07-09 22:42:07	300
2017-07-09 22:47:07	300
2017-07-09 22:52:07	300
2017-07-09 22:57:08	300
2017-07-09 23:02:08	300
2017-07-09 23:07:08	300
2017-07-09 23:12:08	300
2017-07-09 23:17:08	300
2017-07-09 23:22:08	300
2017-07-09 23:27:08	300
2017-07-09 23:32:08	300
2017-07-09 23:37:08	300
2017-07-09 23:42:08	300
2017-07-09 23:47:08	300
2017-07-09 23:52:08	300
2017-07-09 23:57:08	300
2017-07-10 00:02:09	300
2017-07-10 00:07:09	300
2017-07-10 00:12:09	300
2017-07-10 00:17:09	300
2017-07-10 00:20:48	Start program
2017-07-10 00:20:49	CAMERA DATA ERROR
2017-07-10 00:20:49	Monday, 10. July 2017 12:20AM
2017-07-10 00:20:49	SET INTERVAL: 0:05:00
2017-07-10 00:20:49	START-STOP TIME: 08:30:00 - 18:00:00
2017-07-10 00:20:49	CAMERA SET ERROR
2017-07-10 00:20:49	300
2017-07-10 00:25:49	300
2017-07-10 00:30:49	300
2017-07-10 00:35:49	300
2017-07-10 00:40:49	300
2017-07-10 00:45:49	300
2017-07-10 00:50:49	300
2017-07-10 00:55:49	300
2017-07-10 01:00:50	300
2017-07-10 01:05:50	300
2017-07-10 01:10:50	300
2017-07-10 01:15:50	300
2017-07-10 01:20:50	300
2017-07-10 01:25:50	300
2017-07-10 01:30:50	300
2017-07-10 01:35:50	300
2017-07-10 01:40:50	300
2017-07-10 01:45:50	300
2017-07-10 01:50:50	300
2017-07-10 01:55:50	300
2017-07-10 02:00:51	300
2017-07-10 02:05:51	300
2017-07-10 02:10:51	300
2017-07-10 02:15:51	300
2017-07-10 02:20:51	300
2017-07-10 02:25:51	300
2017-07-10 02:30:51	300
2017-07-10 02:35:51	300
2017-07-10 02:40:51	300
2017-07-10 02:45:51	300
2017-07-10 02:50:51	300
2017-07-10 02:55:52	300
2017-07-10 03:00:52	300
2017-07-10 03:05:52	300
2017-07-10 03:10:52	300
2017-07-10 03:15:52	300
2017-07-10 03:20:52	300
2017-07-10 03:25:52	300
2017-07-10 03:30:52	300
2017-07-10 03:35:52	300
2017-07-10 03:40:53	300
2017-07-10 03:45:53	300
2017-07-10 03:50:53	300
2017-07-10 03:55:53	300
2017-07-10 04:00:53	300
2017-07-10 04:05:53	300
2017-07-10 04:10:53	300
2017-07-10 04:15:53	300
2017-07-10 04:20:53	300
2017-07-10 04:25:53	300
2017-07-10 04:30:53	300
2017-07-10 04:35:54	300
2017-07-10 04:40:54	300
2017-07-10 04:45:54	300
2017-07-10 04:50:54	300
2017-07-10 04:55:54	300
2017-07-10 05:00:54	300
2017-07-10 05:05:54	300
2017-07-10 05:10:54	300
2017-07-10 05:15:54	300
2017-07-10 05:20:54	300
2017-07-10 05:25:54	300
2017-07-10 05:30:54	300
2017-07-10 05:35:55	300
2017-07-10 05:40:55	300
2017-07-10 05:45:55	300
2017-07-10 05:50:55	300
2017-07-10 05:55:55	300
2017-07-10 06:00:55	300
2017-07-10 06:05:55	300
2017-07-10 06:10:55	300
2017-07-10 06:15:55	300
2017-07-10 06:20:55	300
2017-07-10 06:25:55	300
2017-07-10 06:30:55	300
2017-07-10 06:35:55	300
2017-07-10 06:40:55	300
2017-07-10 06:45:56	300
2017-07-10 06:50:56	300
2017-07-10 06:55:56	300
2017-07-10 07:00:56	300
2017-07-10 07:05:56	300
2017-07-10 07:10:56	300
2017-07-10 07:15:56	300
2017-07-10 07:20:56	300
2017-07-10 07:25:56	300
2017-07-10 07:30:56	300
2017-07-10 07:35:56	300
2017-07-10 07:40:56	300
2017-07-10 07:45:57	300
2017-07-10 07:50:57	300
2017-07-10 07:55:57	300
2017-07-10 08:00:57	300
2017-07-10 08:05:57	300
2017-07-10 08:10:57	300
2017-07-10 08:15:57	300
2017-07-10 08:20:57	300
2017-07-10 08:25:57	300
2017-07-10 08:30:58	CAM CAPTUR ERROR:
2017-07-10 08:30:58	SHOT: 1 ; TIME SHoT: 2017-07-10 08:30:57.924195
2017-07-10 08:30:58	sleep299
2017-07-10 08:35:58	CAM CAPTUR ERROR:
2017-07-10 08:35:58	SHOT: 2 ; TIME SHoT: 2017-07-10 08:35:57.924219
2017-07-10 08:35:58	sleep299
2017-07-10 08:40:58	CAM CAPTUR ERROR:
2017-07-10 08:40:58	SHOT: 3 ; TIME SHoT: 2017-07-10 08:40:57.924249
2017-07-10 08:40:58	sleep299
2017-07-10 08:45:58	CAM CAPTUR ERROR:
2017-07-10 08:45:58	SHOT: 4 ; TIME SHoT: 2017-07-10 08:45:57.924275
2017-07-10 08:45:58	sleep299
2017-07-10 08:50:58	CAM CAPTUR ERROR:
2017-07-10 08:50:58	SHOT: 5 ; TIME SHoT: 2017-07-10 08:50:57.924300
2017-07-10 08:50:58	sleep299
2017-07-10 08:55:58	CAM CAPTUR ERROR:
2017-07-10 08:55:58	SHOT: 6 ; TIME SHoT: 2017-07-10 08:55:57.924321
2017-07-10 08:55:58	sleep299
2017-07-10 09:00:58	CAM CAPTUR ERROR:
2017-07-10 09:00:58	SHOT: 7 ; TIME SHoT: 2017-07-10 09:00:57.924344
2017-07-10 09:00:58	sleep299
2017-07-10 09:05:58	CAM CAPTUR ERROR:
2017-07-10 09:05:58	SHOT: 8 ; TIME SHoT: 2017-07-10 09:05:57.925999
2017-07-10 09:05:58	sleep299
2017-07-10 09:10:58	CAM CAPTUR ERROR:
2017-07-10 09:10:58	SHOT: 9 ; TIME SHoT: 2017-07-10 09:10:57.926041
2017-07-10 09:10:58	sleep299
2017-07-10 09:15:58	CAM CAPTUR ERROR:
2017-07-10 09:15:58	SHOT: 10 ; TIME SHoT: 2017-07-10 09:15:57.926076
2017-07-10 09:15:58	sleep299
2017-07-10 09:20:58	CAM CAPTUR ERROR:
2017-07-10 09:20:58	SHOT: 11 ; TIME SHoT: 2017-07-10 09:20:57.926111
2017-07-10 09:20:58	sleep299
2017-07-10 09:25:58	CAM CAPTUR ERROR:
2017-07-10 09:25:58	SHOT: 12 ; TIME SHoT: 2017-07-10 09:25:57.926148
2017-07-10 09:25:58	sleep299
2017-07-10 09:30:58	CAM CAPTUR ERROR:
2017-07-10 09:30:58	SHOT: 13 ; TIME SHoT: 2017-07-10 09:30:57.926180
2017-07-10 09:30:58	sleep299
2017-07-10 09:35:58	CAM CAPTUR ERROR:
2017-07-10 09:35:58	SHOT: 14 ; TIME SHoT: 2017-07-10 09:35:57.926217
2017-07-10 09:35:58	sleep299
2017-07-10 09:40:58	CAM CAPTUR ERROR:
2017-07-10 09:40:58	SHOT: 15 ; TIME SHoT: 2017-07-10 09:40:57.926255
2017-07-10 09:40:58	sleep299
2017-07-10 09:45:58	CAM CAPTUR ERROR:
2017-07-10 09:45:58	SHOT: 16 ; TIME SHoT: 2017-07-10 09:45:57.926298
2017-07-10 09:45:58	sleep299
2017-07-10 09:51:18	SHOT: 17 ; TIME SHoT: 2017-07-10 09:50:57.926333
2017-07-10 09:51:18	sleep278
2017-07-10 09:56:06	SHOT: 18 ; TIME SHoT: 2017-07-10 09:55:57.926360
2017-07-10 09:56:06	sleep291
2017-07-10 10:01:05	SHOT: 19 ; TIME SHoT: 2017-07-10 10:00:57.936260
2017-07-10 10:01:05	sleep292
2017-07-10 10:06:05	SHOT: 20 ; TIME SHoT: 2017-07-10 10:05:57.936287
2017-07-10 10:06:05	sleep292
2017-07-10 10:11:05	SHOT: 21 ; TIME SHoT: 2017-07-10 10:10:57.936324
2017-07-10 10:11:05	sleep292
2017-07-10 10:16:05	SHOT: 22 ; TIME SHoT: 2017-07-10 10:15:57.936350
2017-07-10 10:16:05	sleep292
2017-07-10 10:21:05	SHOT: 23 ; TIME SHoT: 2017-07-10 10:20:57.936384
2017-07-10 10:21:05	sleep292
2017-07-10 10:26:05	SHOT: 24 ; TIME SHoT: 2017-07-10 10:25:57.936407
2017-07-10 10:26:05	sleep292
2017-07-10 10:30:53	Start program
2017-07-10 10:31:32	Monday, 10. July 2017 10:31AM
2017-07-10 10:31:32	SET INTERVAL: 0:05:00
2017-07-10 10:31:32	START-STOP TIME: 08:30:00 - 18:00:00
2017-07-10 10:31:48	CAMERA SET OK
2017-07-10 10:31:56	SHOT: 1 ; TIME SHoT: 2017-07-10 10:31:48.913127
2017-07-10 10:31:56	sleep292
2017-07-10 10:36:56	SHOT: 2 ; TIME SHoT: 2017-07-10 10:36:48.913164
2017-07-10 10:36:56	sleep292
2017-07-10 10:41:56	SHOT: 3 ; TIME SHoT: 2017-07-10 10:41:48.913191
2017-07-10 10:41:56	sleep292
2017-07-10 10:46:56	SHOT: 4 ; TIME SHoT: 2017-07-10 10:46:48.913223
2017-07-10 10:46:56	sleep292
2017-07-10 10:51:56	SHOT: 5 ; TIME SHoT: 2017-07-10 10:51:48.913248
2017-07-10 10:51:56	sleep292
2017-07-10 10:56:56	SHOT: 6 ; TIME SHoT: 2017-07-10 10:56:48.913273
2017-07-10 10:56:56	sleep292
2017-07-10 11:01:56	SHOT: 7 ; TIME SHoT: 2017-07-10 11:01:48.913308
2017-07-10 11:01:56	sleep292
2017-07-10 11:06:56	SHOT: 8 ; TIME SHoT: 2017-07-10 11:06:48.913334
2017-07-10 11:06:56	sleep292
2017-07-10 11:11:56	SHOT: 9 ; TIME SHoT: 2017-07-10 11:11:48.913356
2017-07-10 11:11:56	sleep292
2017-07-10 11:16:56	SHOT: 10 ; TIME SHoT: 2017-07-10 11:16:48.913393
2017-07-10 11:16:56	sleep292
2017-07-10 11:21:56	SHOT: 11 ; TIME SHoT: 2017-07-10 11:21:48.913416
2017-07-10 11:21:56	sleep292
2017-07-10 11:26:56	SHOT: 12 ; TIME SHoT: 2017-07-10 11:26:48.913447
2017-07-10 11:26:56	sleep292
2017-07-10 11:31:56	SHOT: 13 ; TIME SHoT: 2017-07-10 11:31:48.913477
2017-07-10 11:31:56	sleep292
2017-07-10 11:36:56	SHOT: 14 ; TIME SHoT: 2017-07-10 11:36:48.913501
2017-07-10 11:36:56	sleep292
2017-07-10 11:41:56	SHOT: 15 ; TIME SHoT: 2017-07-10 11:41:48.913539
2017-07-10 11:41:56	sleep292
2017-07-10 11:46:56	SHOT: 16 ; TIME SHoT: 2017-07-10 11:46:48.913562
2017-07-10 11:46:56	sleep292
2017-07-10 11:51:56	SHOT: 17 ; TIME SHoT: 2017-07-10 11:51:48.913598
2017-07-10 11:51:56	sleep292
2017-07-10 11:56:56	SHOT: 18 ; TIME SHoT: 2017-07-10 11:56:48.913620
2017-07-10 11:56:56	sleep292
2017-07-10 12:01:56	SHOT: 19 ; TIME SHoT: 2017-07-10 12:01:48.913659
2017-07-10 12:01:56	sleep292
2017-07-10 12:06:56	SHOT: 20 ; TIME SHoT: 2017-07-10 12:06:48.913679
2017-07-10 12:06:56	sleep292
2017-07-10 12:11:56	SHOT: 21 ; TIME SHoT: 2017-07-10 12:11:48.913717
2017-07-10 12:11:56	sleep292
2017-07-10 12:16:56	SHOT: 22 ; TIME SHoT: 2017-07-10 12:16:48.913742
2017-07-10 12:16:56	sleep292
2017-07-10 12:21:56	SHOT: 23 ; TIME SHoT: 2017-07-10 12:21:48.913768
2017-07-10 12:21:56	sleep292
2017-07-10 12:26:56	SHOT: 24 ; TIME SHoT: 2017-07-10 12:26:48.913792
2017-07-10 12:26:56	sleep292
2017-07-10 12:31:56	SHOT: 25 ; TIME SHoT: 2017-07-10 12:31:48.913816
2017-07-10 12:31:56	sleep292
2017-07-10 12:36:56	SHOT: 26 ; TIME SHoT: 2017-07-10 12:36:48.913844
2017-07-10 12:36:56	sleep292
2017-07-10 12:41:56	SHOT: 27 ; TIME SHoT: 2017-07-10 12:41:48.913869
2017-07-10 12:41:56	sleep292
2017-07-10 12:42:57	Start program
2017-07-10 12:43:28	Monday, 10. July 2017 12:43PM
2017-07-10 12:43:28	SET INTERVAL: 0:05:00
2017-07-10 12:43:28	START-STOP TIME: 08:30:00 - 18:00:00
2017-07-10 12:43:44	CAMERA SET OK
2017-07-10 12:43:52	SHOT: 1 ; TIME SHoT: 2017-07-10 12:43:44.883914
2017-07-10 12:43:52	sleep292
2017-07-10 12:48:48	Start program
2017-07-10 12:49:19	Monday, 10. July 2017 12:49PM
2017-07-10 12:49:19	SET INTERVAL: 0:05:00
2017-07-10 12:49:19	START-STOP TIME: 08:30:00 - 18:00:00
2017-07-10 12:49:35	CAMERA SET OK
2017-07-10 12:49:43	SHOT: 1 ; TIME SHoT: 2017-07-10 12:49:35.950672
2017-07-10 12:49:43	sleep292
2017-07-10 12:54:43	SHOT: 2 ; TIME SHoT: 2017-07-10 12:54:35.950696
2017-07-10 12:54:43	sleep292
2017-07-10 12:59:34	Start program
2017-07-10 13:00:05	Monday, 10. July 2017 01:00PM
2017-07-10 13:00:05	SET INTERVAL: 0:05:00
2017-07-10 13:00:05	START-STOP TIME: 08:30:00 - 18:00:00
2017-07-10 13:00:21	CAMERA SET OK
2017-07-10 13:00:28	SHOT: 1 ; TIME SHoT: 2017-07-10 13:00:21.389131
2017-07-10 13:00:28	sleep292
2017-07-10 13:05:28	SHOT: 2 ; TIME SHoT: 2017-07-10 13:05:21.389152
2017-07-10 13:05:28	sleep292
2017-07-10 13:10:28	SHOT: 3 ; TIME SHoT: 2017-07-10 13:10:21.389188
2017-07-10 13:10:28	sleep292
